<?xml version="1.0" encoding="UTF-8"?>
<!-- Generated by org.testng.reporters.JUnitReportReporter -->
<testsuite hostname="LAPTOP-REV335BT" failures="0" tests="2" name="com.sauce.qa.TestCases.ProductsPageTest" time="7.171" errors="0" timestamp="2025-07-06T12:21:08 IST" skipped="0">
  <testcase classname="com.sauce.qa.TestCases.ProductsPageTest" name="ValidateFilterOptionTest" time="4.205"/>
  <system-out/>
  <testcase classname="com.sauce.qa.TestCases.ProductsPageTest" name="ValidateAddtoCartTest" time="2.966"/>
  <system-out/>
</testsuite> <!-- com.sauce.qa.TestCases.ProductsPageTest -->
