<?xml version="1.0" encoding="UTF-8"?>
<!-- Generated by org.testng.reporters.JUnitReportReporter -->
<testsuite hostname="LAPTOP-REV335BT" failures="0" tests="1" name="com.sauce.qa.TestCases.OverviewPageTest" time="5.569" errors="0" timestamp="2025-07-06T12:21:08 IST" skipped="0">
  <testcase classname="com.sauce.qa.TestCases.OverviewPageTest" name="ValidateoverviewdetailsTest" time="5.569"/>
  <system-out/>
</testsuite> <!-- com.sauce.qa.TestCases.OverviewPageTest -->
